<?xml version="1.0" encoding="UTF-8"?>
<testsuite name="bg.softuni.healthcare.service.impl.DepartmentServiceImplTest" tests="5" skipped="0" failures="0" errors="0" timestamp="2024-08-09T11:46:51" hostname="Stilyanov--MacBook-Air.local" time="0.766">
  <properties/>
  <testcase name="testFindByDepartment()" classname="bg.softuni.healthcare.service.impl.DepartmentServiceImplTest" time="0.74"/>
  <testcase name="testFindByTown()" classname="bg.softuni.healthcare.service.impl.DepartmentServiceImplTest" time="0.004"/>
  <testcase name="testFindById()" classname="bg.softuni.healthcare.service.impl.DepartmentServiceImplTest" time="0.005"/>
  <testcase name="testFindByIdNotFound()" classname="bg.softuni.healthcare.service.impl.DepartmentServiceImplTest" time="0.006"/>
  <testcase name="testFindByDepartmentNotFound()" classname="bg.softuni.healthcare.service.impl.DepartmentServiceImplTest" time="0.004"/>
  <system-out><![CDATA[]]></system-out>
  <system-err><![CDATA[WARNING: A Java agent has been loaded dynamically (/Users/stilyanov/.gradle/caches/modules-2/files-2.1/net.bytebuddy/byte-buddy-agent/1.14.17/e3c251a39dc90badaf71c83427ba46840f219d8d/byte-buddy-agent-1.14.17.jar)
WARNING: If a serviceability tool is in use, please run with -XX:+EnableDynamicAgentLoading to hide this warning
WARNING: If a serviceability tool is not in use, please run with -Djdk.instrument.traceUsage for more information
WARNING: Dynamic loading of agents will be disallowed by default in a future release
]]></system-err>
</testsuite>
