<?xml version="1.0" encoding="UTF-8"?>
<testsuite name="bg.softuni.healthcare.service.impl.UserServiceImplTest" tests="4" skipped="0" failures="0" errors="0" timestamp="2024-08-09T11:46:52" hostname="Stilyanov--MacBook-Air.local" time="0.059">
  <properties/>
  <testcase name="testValidateCredentials()" classname="bg.softuni.healthcare.service.impl.UserServiceImplTest" time="0.02"/>
  <testcase name="testGetUserIdByEmail()" classname="bg.softuni.healthcare.service.impl.UserServiceImplTest" time="0.002"/>
  <testcase name="testRegisterUser()" classname="bg.softuni.healthcare.service.impl.UserServiceImplTest" time="0.032"/>
  <testcase name="testGetUserProfile()" classname="bg.softuni.healthcare.service.impl.UserServiceImplTest" time="0.005"/>
  <system-out><![CDATA[]]></system-out>
  <system-err><![CDATA[]]></system-err>
</testsuite>
