<?xml version="1.0" encoding="UTF-8"?>
<testsuite name="bg.softuni.healthcare.controller.DoctorControllerTest" tests="6" skipped="0" failures="0" errors="0" timestamp="2024-08-07T20:54:51" hostname="Stilyanov--MacBook-Air.local" time="0.318">
  <properties/>
  <testcase name="testGetDoctors()" classname="bg.softuni.healthcare.controller.DoctorControllerTest" time="0.202"/>
  <testcase name="testFindDoctorByDepartment()" classname="bg.softuni.healthcare.controller.DoctorControllerTest" time="0.018"/>
  <testcase name="testFindDoctorNoParams()" classname="bg.softuni.healthcare.controller.DoctorControllerTest" time="0.019"/>
  <testcase name="testFindDoctorByName()" classname="bg.softuni.healthcare.controller.DoctorControllerTest" time="0.025"/>
  <testcase name="testFindDoctorByTown()" classname="bg.softuni.healthcare.controller.DoctorControllerTest" time="0.015"/>
  <testcase name="testAddDoctor()" classname="bg.softuni.healthcare.controller.DoctorControllerTest" time="0.031"/>
  <system-out><![CDATA[2024-08-07T23:54:51.071+03:00  INFO 15744 --- [healthcare] [    Test worker] t.c.s.AnnotationConfigContextLoaderUtils : Could not detect default configuration classes for test class [bg.softuni.healthcare.controller.DoctorControllerTest]: DoctorControllerTest does not declare any static, non-private, non-final, nested classes annotated with @Configuration.
2024-08-07T23:54:51.080+03:00  INFO 15744 --- [healthcare] [    Test worker] .b.t.c.SpringBootTestContextBootstrapper : Found @SpringBootConfiguration bg.softuni.healthcare.HealthcareApplication for test class bg.softuni.healthcare.controller.DoctorControllerTest

  .   ____          _            __ _ _
 /\\ / ___'_ __ _ _(_)_ __  __ _ \ \ \ \
( ( )\___ | '_ | '_| | '_ \/ _` | \ \ \ \
 \\/  ___)| |_)| | | | | || (_| |  ) ) ) )
  '  |____| .__|_| |_|_| |_\__, | / / / /
 =========|_|==============|___/=/_/_/_/

 :: Spring Boot ::                (v3.3.1)

2024-08-07T23:54:51.105+03:00  INFO 15744 --- [healthcare] [    Test worker] b.s.h.controller.DoctorControllerTest    : Starting DoctorControllerTest using Java 21.0.3 with PID 15744 (started by stilyanov in /Users/stilyanov/GitHub/HealthCare-Web-Project)
2024-08-07T23:54:51.105+03:00  INFO 15744 --- [healthcare] [    Test worker] b.s.h.controller.DoctorControllerTest    : No active profile set, falling back to 1 default profile: "default"
2024-08-07T23:54:51.315+03:00  INFO 15744 --- [healthcare] [    Test worker] o.s.b.a.w.s.WelcomePageHandlerMapping    : Adding welcome page template: index
2024-08-07T23:54:51.431+03:00  WARN 15744 --- [healthcare] [    Test worker] .s.s.UserDetailsServiceAutoConfiguration : 

Using generated security password: b16c077a-278f-4683-8b4a-a9212a5b3083

This generated password is for development use only. Your security configuration must be updated before running your application in production.

2024-08-07T23:54:51.438+03:00  INFO 15744 --- [healthcare] [    Test worker] r$InitializeUserDetailsManagerConfigurer : Global AuthenticationManager configured with UserDetailsService bean with name inMemoryUserDetailsManager
2024-08-07T23:54:51.497+03:00  INFO 15744 --- [healthcare] [    Test worker] o.s.b.t.m.w.SpringBootMockServletContext : Initializing Spring TestDispatcherServlet ''
2024-08-07T23:54:51.497+03:00  INFO 15744 --- [healthcare] [    Test worker] o.s.t.web.servlet.TestDispatcherServlet  : Initializing Servlet ''
2024-08-07T23:54:51.498+03:00  INFO 15744 --- [healthcare] [    Test worker] o.s.t.web.servlet.TestDispatcherServlet  : Completed initialization in 0 ms
2024-08-07T23:54:51.514+03:00  INFO 15744 --- [healthcare] [    Test worker] b.s.h.controller.DoctorControllerTest    : Started DoctorControllerTest in 0.424 seconds (process running for 5.704)
]]></system-out>
  <system-err><![CDATA[]]></system-err>
</testsuite>
