<?xml version="1.0" encoding="UTF-8"?>
<testsuite name="bg.softuni.healthcare.controller.AdminControllerTest" tests="5" skipped="0" failures="1" errors="0" timestamp="2024-08-07T20:54:50" hostname="Stilyanov--MacBook-Air.local" time="0.237">
  <properties/>
  <testcase name="testGetAdminPanel()" classname="bg.softuni.healthcare.controller.AdminControllerTest" time="0.19">
    <failure message="jakarta.servlet.ServletException: Request processing failed: org.mockito.exceptions.misusing.PotentialStubbingProblem: &#10;Strict stubbing argument mismatch. Please check:&#10; - this invocation of 'getAllUsers' method:&#10;    mockUserService.getAllUsers(&#10;    bg.softuni.healthcare.model.entity.UserEntity@59c2bf78&#10;);&#10;    -&gt; at bg.softuni.healthcare.controller.AdminController.getAdminPanel(AdminController.java:30)&#10; - has following stubbing(s) with different arguments:&#10;    1. mockUserService.getAllUsers(&#10;    bg.softuni.healthcare.model.entity.UserEntity@520e6089&#10;);&#10;      -&gt; at bg.softuni.healthcare.controller.AdminControllerTest.testGetAdminPanel(AdminControllerTest.java:56)&#10;Typically, stubbing argument mismatch indicates user mistake when writing tests.&#10;Mockito fails early so that you can debug potential problem easily.&#10;However, there are legit scenarios when this exception generates false negative signal:&#10;  - stubbing the same method multiple times using 'given().will()' or 'when().then()' API&#10;    Please use 'will().given()' or 'doReturn().when()' API for stubbing.&#10;  - stubbed method is intentionally invoked with different arguments by code under test&#10;    Please use default or 'silent' JUnit Rule (equivalent of Strictness.LENIENT).&#10;For more information see javadoc for PotentialStubbingProblem class." type="jakarta.servlet.ServletException">jakarta.servlet.ServletException: Request processing failed: org.mockito.exceptions.misusing.PotentialStubbingProblem: 
Strict stubbing argument mismatch. Please check:
 - this invocation of 'getAllUsers' method:
    mockUserService.getAllUsers(
    bg.softuni.healthcare.model.entity.UserEntity@59c2bf78
);
    -&gt; at bg.softuni.healthcare.controller.AdminController.getAdminPanel(AdminController.java:30)
 - has following stubbing(s) with different arguments:
    1. mockUserService.getAllUsers(
    bg.softuni.healthcare.model.entity.UserEntity@520e6089
);
      -&gt; at bg.softuni.healthcare.controller.AdminControllerTest.testGetAdminPanel(AdminControllerTest.java:56)
Typically, stubbing argument mismatch indicates user mistake when writing tests.
Mockito fails early so that you can debug potential problem easily.
However, there are legit scenarios when this exception generates false negative signal:
  - stubbing the same method multiple times using 'given().will()' or 'when().then()' API
    Please use 'will().given()' or 'doReturn().when()' API for stubbing.
  - stubbed method is intentionally invoked with different arguments by code under test
    Please use default or 'silent' JUnit Rule (equivalent of Strictness.LENIENT).
For more information see javadoc for PotentialStubbingProblem class.
	at app//org.springframework.web.servlet.FrameworkServlet.processRequest(FrameworkServlet.java:1022)
	at app//org.springframework.web.servlet.FrameworkServlet.doGet(FrameworkServlet.java:903)
	at app//jakarta.servlet.http.HttpServlet.service(HttpServlet.java:564)
	at app//org.springframework.web.servlet.FrameworkServlet.service(FrameworkServlet.java:885)
	at app//org.springframework.test.web.servlet.TestDispatcherServlet.service(TestDispatcherServlet.java:72)
	at app//jakarta.servlet.http.HttpServlet.service(HttpServlet.java:658)
	at app//org.springframework.mock.web.MockFilterChain$ServletFilterProxy.doFilter(MockFilterChain.java:165)
	at app//org.springframework.mock.web.MockFilterChain.doFilter(MockFilterChain.java:132)
	at app//org.springframework.test.web.servlet.MockMvc.perform(MockMvc.java:201)
	at app//bg.softuni.healthcare.controller.AdminControllerTest.testGetAdminPanel(AdminControllerTest.java:60)
	at java.base@21.0.3/java.lang.reflect.Method.invoke(Method.java:580)
	at java.base@21.0.3/java.util.ArrayList.forEach(ArrayList.java:1596)
	at java.base@21.0.3/java.util.ArrayList.forEach(ArrayList.java:1596)
Caused by: org.mockito.exceptions.misusing.PotentialStubbingProblem: 
Strict stubbing argument mismatch. Please check:
 - this invocation of 'getAllUsers' method:
    mockUserService.getAllUsers(
    bg.softuni.healthcare.model.entity.UserEntity@59c2bf78
);
    -&gt; at bg.softuni.healthcare.controller.AdminController.getAdminPanel(AdminController.java:30)
 - has following stubbing(s) with different arguments:
    1. mockUserService.getAllUsers(
    bg.softuni.healthcare.model.entity.UserEntity@520e6089
);
      -&gt; at bg.softuni.healthcare.controller.AdminControllerTest.testGetAdminPanel(AdminControllerTest.java:56)
Typically, stubbing argument mismatch indicates user mistake when writing tests.
Mockito fails early so that you can debug potential problem easily.
However, there are legit scenarios when this exception generates false negative signal:
  - stubbing the same method multiple times using 'given().will()' or 'when().then()' API
    Please use 'will().given()' or 'doReturn().when()' API for stubbing.
  - stubbed method is intentionally invoked with different arguments by code under test
    Please use default or 'silent' JUnit Rule (equivalent of Strictness.LENIENT).
For more information see javadoc for PotentialStubbingProblem class.
	at app//bg.softuni.healthcare.controller.AdminController.getAdminPanel(AdminController.java:30)
	at java.base@21.0.3/jdk.internal.reflect.DirectMethodHandleAccessor.invoke(DirectMethodHandleAccessor.java:103)
	at java.base@21.0.3/java.lang.reflect.Method.invoke(Method.java:580)
	at app//org.springframework.web.method.support.InvocableHandlerMethod.doInvoke(InvocableHandlerMethod.java:255)
	at app//org.springframework.web.method.support.InvocableHandlerMethod.invokeForRequest(InvocableHandlerMethod.java:188)
	at app//org.springframework.web.servlet.mvc.method.annotation.ServletInvocableHandlerMethod.invokeAndHandle(ServletInvocableHandlerMethod.java:118)
	at app//org.springframework.web.servlet.mvc.method.annotation.RequestMappingHandlerAdapter.invokeHandlerMethod(RequestMappingHandlerAdapter.java:926)
	at app//org.springframework.web.servlet.mvc.method.annotation.RequestMappingHandlerAdapter.handleInternal(RequestMappingHandlerAdapter.java:831)
	at app//org.springframework.web.servlet.mvc.method.AbstractHandlerMethodAdapter.handle(AbstractHandlerMethodAdapter.java:87)
	at app//org.springframework.web.servlet.DispatcherServlet.doDispatch(DispatcherServlet.java:1089)
	at app//org.springframework.web.servlet.DispatcherServlet.doService(DispatcherServlet.java:979)
	at app//org.springframework.web.servlet.FrameworkServlet.processRequest(FrameworkServlet.java:1014)
	... 12 more
</failure>
  </testcase>
  <testcase name="testDeleteContact()" classname="bg.softuni.healthcare.controller.AdminControllerTest" time="0.019"/>
  <testcase name="testDeleteDoctor()" classname="bg.softuni.healthcare.controller.AdminControllerTest" time="0.009"/>
  <testcase name="testDeleteAppointment()" classname="bg.softuni.healthcare.controller.AdminControllerTest" time="0.009"/>
  <testcase name="testDeleteUser()" classname="bg.softuni.healthcare.controller.AdminControllerTest" time="0.008"/>
  <system-out><![CDATA[2024-08-07T23:54:50.972+03:00  INFO 15744 --- [healthcare] [    Test worker] o.s.mock.web.MockServletContext          : Initializing Spring TestDispatcherServlet ''
2024-08-07T23:54:50.972+03:00  INFO 15744 --- [healthcare] [    Test worker] o.s.t.web.servlet.TestDispatcherServlet  : Initializing Servlet ''
2024-08-07T23:54:50.973+03:00  INFO 15744 --- [healthcare] [    Test worker] o.s.t.web.servlet.TestDispatcherServlet  : Completed initialization in 1 ms
2024-08-07T23:54:51.028+03:00  INFO 15744 --- [healthcare] [    Test worker] o.s.mock.web.MockServletContext          : Initializing Spring TestDispatcherServlet ''
2024-08-07T23:54:51.028+03:00  INFO 15744 --- [healthcare] [    Test worker] o.s.t.web.servlet.TestDispatcherServlet  : Initializing Servlet ''
2024-08-07T23:54:51.028+03:00  INFO 15744 --- [healthcare] [    Test worker] o.s.t.web.servlet.TestDispatcherServlet  : Completed initialization in 0 ms
2024-08-07T23:54:51.047+03:00  INFO 15744 --- [healthcare] [    Test worker] o.s.mock.web.MockServletContext          : Initializing Spring TestDispatcherServlet ''
2024-08-07T23:54:51.047+03:00  INFO 15744 --- [healthcare] [    Test worker] o.s.t.web.servlet.TestDispatcherServlet  : Initializing Servlet ''
2024-08-07T23:54:51.048+03:00  INFO 15744 --- [healthcare] [    Test worker] o.s.t.web.servlet.TestDispatcherServlet  : Completed initialization in 1 ms
2024-08-07T23:54:51.057+03:00  INFO 15744 --- [healthcare] [    Test worker] o.s.mock.web.MockServletContext          : Initializing Spring TestDispatcherServlet ''
2024-08-07T23:54:51.057+03:00  INFO 15744 --- [healthcare] [    Test worker] o.s.t.web.servlet.TestDispatcherServlet  : Initializing Servlet ''
2024-08-07T23:54:51.057+03:00  INFO 15744 --- [healthcare] [    Test worker] o.s.t.web.servlet.TestDispatcherServlet  : Completed initialization in 0 ms
2024-08-07T23:54:51.065+03:00  INFO 15744 --- [healthcare] [    Test worker] o.s.mock.web.MockServletContext          : Initializing Spring TestDispatcherServlet ''
2024-08-07T23:54:51.065+03:00  INFO 15744 --- [healthcare] [    Test worker] o.s.t.web.servlet.TestDispatcherServlet  : Initializing Servlet ''
2024-08-07T23:54:51.065+03:00  INFO 15744 --- [healthcare] [    Test worker] o.s.t.web.servlet.TestDispatcherServlet  : Completed initialization in 0 ms
]]></system-out>
  <system-err><![CDATA[]]></system-err>
</testsuite>
