<?xml version="1.0" encoding="UTF-8"?>
<testsuite name="bg.softuni.healthcare.service.impl.DepartmentServiceImplTest" tests="5" skipped="0" failures="0" errors="0" timestamp="2024-08-07T20:54:51" hostname="Stilyanov--MacBook-Air.local" time="0.171">
  <properties/>
  <testcase name="testFindByDepartment()" classname="bg.softuni.healthcare.service.impl.DepartmentServiceImplTest" time="0.157"/>
  <testcase name="testFindByTown()" classname="bg.softuni.healthcare.service.impl.DepartmentServiceImplTest" time="0.003"/>
  <testcase name="testFindById()" classname="bg.softuni.healthcare.service.impl.DepartmentServiceImplTest" time="0.004"/>
  <testcase name="testFindByIdNotFound()" classname="bg.softuni.healthcare.service.impl.DepartmentServiceImplTest" time="0.002"/>
  <testcase name="testFindByDepartmentNotFound()" classname="bg.softuni.healthcare.service.impl.DepartmentServiceImplTest" time="0.001"/>
  <system-out><![CDATA[]]></system-out>
  <system-err><![CDATA[]]></system-err>
</testsuite>
